c:\users\blada\documents\visual studio 2017\projects\dungeongame\dungeongame\debug\vc141.pdb
c:\users\blada\documents\visual studio 2017\projects\dungeongame\dungeongame\debug\vc141.idb
c:\users\blada\documents\visual studio 2017\projects\dungeongame\dungeongame\debug\menu.obj
c:\users\blada\documents\visual studio 2017\projects\dungeongame\dungeongame\debug\main.obj
c:\users\blada\documents\visual studio 2017\projects\dungeongame\dungeongame\debug\gameloop.obj
c:\users\blada\documents\visual studio 2017\projects\dungeongame\dungeongame\debug\animation.obj
c:\users\cindyng\documents\dungeongame-master\dungeongame\debug\vc141.pdb
c:\users\cindyng\documents\dungeongame-master\dungeongame\debug\vc141.idb
c:\users\cindyng\documents\dungeongame-master\dungeongame\debug\menu.obj
c:\users\cindyng\documents\dungeongame-master\dungeongame\debug\main.obj
c:\users\cindyng\documents\dungeongame-master\dungeongame\debug\gameloop.obj
c:\users\cindyng\documents\dungeongame-master\dungeongame\debug\animation.obj
c:\users\blada\documents\visual studio 2017\projects\dungeongame\debug\dungeongame.exe
c:\users\blada\documents\visual studio 2017\projects\dungeongame\debug\dungeongame.ilk
c:\users\blada\documents\visual studio 2017\projects\dungeongame\debug\dungeongame.pdb
c:\users\cindyng\documents\dungeongame-master\debug\dungeongame.pdb
c:\users\cindyng\documents\dungeongame-master\dungeongame\debug\dungeongame.tlog\cl.command.1.tlog
c:\users\cindyng\documents\dungeongame-master\dungeongame\debug\dungeongame.tlog\cl.read.1.tlog
c:\users\cindyng\documents\dungeongame-master\dungeongame\debug\dungeongame.tlog\cl.write.1.tlog
c:\users\cindyng\documents\dungeongame-master\dungeongame\debug\dungeongame.tlog\link.command.1.tlog
c:\users\cindyng\documents\dungeongame-master\dungeongame\debug\dungeongame.tlog\link.read.1.tlog
c:\users\cindyng\documents\dungeongame-master\dungeongame\debug\dungeongame.tlog\link.write.1.tlog
